mode: set
appsite-go/internal/services/access/token/jwt.go:37.49,40.17 2 1
appsite-go/internal/services/access/token/jwt.go:40.17,42.3 1 1
appsite-go/internal/services/access/token/jwt.go:44.2,48.3 1 1
appsite-go/internal/services/access/token/jwt.go:52.70,67.2 4 1
appsite-go/internal/services/access/token/jwt.go:70.67,71.104 1 1
appsite-go/internal/services/access/token/jwt.go:71.104,72.58 1 1
appsite-go/internal/services/access/token/jwt.go:72.58,74.4 1 0
appsite-go/internal/services/access/token/jwt.go:75.3,75.23 1 1
appsite-go/internal/services/access/token/jwt.go:78.2,78.16 1 1
appsite-go/internal/services/access/token/jwt.go:78.16,79.42 1 1
appsite-go/internal/services/access/token/jwt.go:79.42,81.4 1 1
appsite-go/internal/services/access/token/jwt.go:82.3,82.46 1 1
appsite-go/internal/services/access/token/jwt.go:82.46,84.4 1 0
appsite-go/internal/services/access/token/jwt.go:85.3,85.44 1 1
appsite-go/internal/services/access/token/jwt.go:85.44,87.4 1 1
appsite-go/internal/services/access/token/jwt.go:88.3,88.18 1 1
appsite-go/internal/services/access/token/jwt.go:91.2,91.61 1 1
appsite-go/internal/services/access/token/jwt.go:91.61,93.3 1 1
appsite-go/internal/services/access/token/jwt.go:95.2,95.29 1 0
appsite-go/internal/services/access/permission/casbin.go:21.74,23.16 2 1
appsite-go/internal/services/access/permission/casbin.go:23.16,25.3 1 1
appsite-go/internal/services/access/permission/casbin.go:28.2,28.39 1 1
appsite-go/internal/services/access/permission/casbin.go:28.39,33.3 2 0
appsite-go/internal/services/access/permission/casbin.go:35.2,35.35 1 1
appsite-go/internal/services/access/permission/casbin.go:39.61,41.2 1 1
appsite-go/internal/services/access/permission/casbin.go:44.65,46.2 1 1
appsite-go/internal/services/access/permission/casbin.go:49.68,51.2 1 1
appsite-go/internal/services/access/permission/casbin.go:54.67,56.2 1 1
appsite-go/internal/services/access/permission/casbin.go:59.66,61.2 1 1
appsite-go/internal/services/access/verify/otp.go:23.51,25.2 1 1
appsite-go/internal/services/access/verify/otp.go:31.114,32.17 1 1
appsite-go/internal/services/access/verify/otp.go:32.17,34.3 1 1
appsite-go/internal/services/access/verify/otp.go:36.2,37.30 2 1
appsite-go/internal/services/access/verify/otp.go:37.30,39.17 2 1
appsite-go/internal/services/access/verify/otp.go:39.17,41.4 1 0
appsite-go/internal/services/access/verify/otp.go:42.3,42.21 1 1
appsite-go/internal/services/access/verify/otp.go:45.2,46.61 2 1
appsite-go/internal/services/access/verify/otp.go:46.61,48.3 1 0
appsite-go/internal/services/access/verify/otp.go:50.2,50.18 1 1
appsite-go/internal/services/access/verify/otp.go:54.75,57.16 3 1
appsite-go/internal/services/access/verify/otp.go:57.16,59.3 1 1
appsite-go/internal/services/access/verify/otp.go:61.2,61.17 1 1
appsite-go/internal/services/access/verify/otp.go:61.17,65.3 2 1
appsite-go/internal/services/access/verify/otp.go:67.2,67.14 1 1
appsite-go/internal/services/access/verify/otp.go:70.48,72.2 1 1
appsite-go/internal/services/access/operation/audit.go:33.39,35.15 1 1
appsite-go/internal/services/access/operation/audit.go:35.15,37.3 1 1
appsite-go/internal/services/access/operation/audit.go:38.2,38.25 1 1
appsite-go/internal/services/access/operation/audit.go:42.47,44.2 1 1
appsite-go/internal/services/access/operation/audit.go:47.76,54.2 3 1
appsite-go/internal/services/commerce/coupon/rule.go:29.39,31.2 1 1
appsite-go/internal/services/commerce/coupon/rule.go:33.35,35.2 1 0
appsite-go/internal/services/commerce/coupon/rule.go:38.56,40.2 1 1
appsite-go/internal/services/commerce/coupon/rule.go:43.95,49.50 4 1
appsite-go/internal/services/commerce/coupon/rule.go:49.50,52.87 2 1
appsite-go/internal/services/commerce/coupon/rule.go:52.87,54.4 1 0
appsite-go/internal/services/commerce/coupon/rule.go:56.3,56.28 1 1
appsite-go/internal/services/commerce/coupon/rule.go:56.28,58.4 1 0
appsite-go/internal/services/commerce/coupon/rule.go:60.3,60.43 1 1
appsite-go/internal/services/commerce/coupon/rule.go:60.43,62.4 1 0
appsite-go/internal/services/commerce/coupon/rule.go:64.3,64.56 1 1
appsite-go/internal/services/commerce/coupon/rule.go:64.56,66.4 1 0
appsite-go/internal/services/commerce/coupon/rule.go:70.3,72.16 3 1
appsite-go/internal/services/commerce/coupon/rule.go:72.16,74.4 1 0
appsite-go/internal/services/commerce/coupon/rule.go:77.3,77.96 1 1
appsite-go/internal/services/commerce/coupon/rule.go:77.96,79.4 1 0
appsite-go/internal/services/commerce/coupon/rule.go:82.3,87.29 2 1
appsite-go/internal/services/commerce/coupon/rule.go:90.2,90.16 1 1
appsite-go/internal/services/commerce/coupon/rule.go:94.90,96.70 2 0
appsite-go/internal/services/commerce/coupon/rule.go:96.70,98.3 1 0
appsite-go/internal/services/commerce/coupon/rule.go:100.2,100.27 1 0
appsite-go/internal/services/commerce/coupon/rule.go:100.27,102.3 1 0
appsite-go/internal/services/commerce/coupon/rule.go:104.2,105.68 2 0
appsite-go/internal/services/commerce/coupon/rule.go:105.68,107.3 1 0
appsite-go/internal/services/commerce/coupon/rule.go:109.2,110.21 2 0
appsite-go/internal/services/commerce/coupon/rule.go:110.21,112.3 1 0
appsite-go/internal/services/commerce/coupon/rule.go:114.2,114.30 1 0
appsite-go/internal/services/commerce/coupon/rule.go:114.30,116.3 1 0
appsite-go/internal/services/commerce/coupon/rule.go:118.2,118.16 1 0
appsite-go/internal/services/commerce/coupon/rule.go:122.72,124.60 2 1
appsite-go/internal/services/commerce/coupon/rule.go:124.60,126.3 1 0
appsite-go/internal/services/commerce/coupon/rule.go:127.2,127.17 1 1
appsite-go/internal/services/commerce/coupon/rule.go:131.64,133.59 2 1
appsite-go/internal/services/commerce/coupon/rule.go:133.59,135.3 1 0
appsite-go/internal/services/commerce/coupon/rule.go:136.2,136.16 1 1
appsite-go/internal/services/commerce/coupon/rule.go:140.66,146.2 3 0
appsite-go/internal/services/commerce/coupon/rule.go:149.79,153.2 3 0
appsite-go/internal/services/commerce/coupon/rule.go:156.66,165.22 2 1
appsite-go/internal/services/commerce/coupon/rule.go:165.22,167.3 1 0
appsite-go/internal/services/commerce/coupon/rule.go:168.2,168.27 1 1
appsite-go/internal/services/commerce/coupon/rule.go:168.27,170.3 1 0
appsite-go/internal/services/commerce/coupon/rule.go:171.2,171.12 1 1
appsite-go/internal/services/commerce/entity/coupon.go:32.34,34.2 1 1
appsite-go/internal/services/commerce/entity/coupon.go:49.38,51.2 1 1
appsite-go/internal/services/commerce/entity/order.go:32.33,34.2 1 0
appsite-go/internal/services/commerce/entity/order.go:53.37,55.2 1 0
appsite-go/internal/services/commerce/entity/product.go:35.35,37.2 1 0
appsite-go/internal/services/commerce/entity/product.go:60.31,62.2 1 0
appsite-go/internal/services/commerce/entity/stock_log.go:24.36,26.2 1 0
appsite-go/internal/services/commerce/writeoff/verify.go:23.48,27.2 1 1
appsite-go/internal/services/commerce/writeoff/verify.go:31.93,33.16 2 1
appsite-go/internal/services/commerce/writeoff/verify.go:33.16,35.3 1 0
appsite-go/internal/services/commerce/writeoff/verify.go:37.2,37.27 1 1
appsite-go/internal/services/commerce/writeoff/verify.go:37.27,39.3 1 1
appsite-go/internal/services/commerce/writeoff/verify.go:41.2,42.16 2 1
appsite-go/internal/services/commerce/writeoff/verify.go:42.16,44.3 1 0
appsite-go/internal/services/commerce/writeoff/verify.go:46.2,46.19 1 1
appsite-go/internal/services/commerce/writeoff/verify.go:50.69,55.2 1 1
appsite-go/internal/services/commerce/entity/coupon.go:32.34,34.2 1 0
appsite-go/internal/services/commerce/entity/coupon.go:49.38,51.2 1 0
appsite-go/internal/services/commerce/entity/order.go:32.33,34.2 1 1
appsite-go/internal/services/commerce/entity/order.go:53.37,55.2 1 1
appsite-go/internal/services/commerce/entity/product.go:35.35,37.2 1 0
appsite-go/internal/services/commerce/entity/product.go:60.31,62.2 1 0
appsite-go/internal/services/commerce/entity/stock_log.go:24.36,26.2 1 0
appsite-go/internal/services/commerce/order/fsm.go:36.39,38.2 1 1
appsite-go/internal/services/commerce/order/fsm.go:43.92,44.15 1 1
appsite-go/internal/services/commerce/order/fsm.go:44.15,46.3 1 1
appsite-go/internal/services/commerce/order/fsm.go:48.2,48.47 1 1
appsite-go/internal/services/commerce/order/fsm.go:48.47,50.26 1 1
appsite-go/internal/services/commerce/order/fsm.go:50.26,53.4 1 1
appsite-go/internal/services/commerce/order/fsm.go:54.3,54.47 1 1
appsite-go/internal/services/commerce/order/fsm.go:54.47,56.4 1 0
appsite-go/internal/services/commerce/order/fsm.go:59.3,59.24 1 1
appsite-go/internal/services/commerce/order/fsm.go:59.24,61.52 2 1
appsite-go/internal/services/commerce/order/fsm.go:61.52,63.5 1 0
appsite-go/internal/services/commerce/order/fsm.go:65.3,65.13 1 1
appsite-go/internal/services/commerce/order/fsm.go:70.138,71.50 1 1
appsite-go/internal/services/commerce/order/fsm.go:71.50,74.86 2 1
appsite-go/internal/services/commerce/order/fsm.go:74.86,76.4 1 0
appsite-go/internal/services/commerce/order/fsm.go:78.3,78.23 1 1
appsite-go/internal/services/commerce/order/fsm.go:78.23,80.4 1 1
appsite-go/internal/services/commerce/order/fsm.go:82.3,82.21 1 1
appsite-go/internal/services/commerce/order/fsm.go:82.21,84.4 1 1
appsite-go/internal/services/commerce/order/fsm.go:85.3,87.45 2 1
appsite-go/internal/services/commerce/order/fsm.go:92.67,93.66 1 1
appsite-go/internal/services/commerce/order/fsm.go:93.66,95.3 1 1
appsite-go/internal/services/commerce/order/fsm.go:103.46,104.70 1 1
appsite-go/internal/services/commerce/order/fsm.go:104.70,106.3 1 1
appsite-go/internal/services/commerce/order/fsm.go:110.49,111.66 1 1
appsite-go/internal/services/commerce/order/fsm.go:111.66,113.3 1 1
appsite-go/internal/services/commerce/order/fsm.go:117.48,118.68 1 1
appsite-go/internal/services/commerce/order/fsm.go:118.68,120.3 1 1
appsite-go/internal/services/relation/relation.go:19.39,20.15 1 1
appsite-go/internal/services/relation/relation.go:20.15,22.3 1 1
appsite-go/internal/services/relation/relation.go:23.2,26.3 1 1
appsite-go/internal/services/relation/relation.go:30.87,36.16 3 1
appsite-go/internal/services/relation/relation.go:36.16,38.3 1 0
appsite-go/internal/services/relation/relation.go:39.2,39.45 1 1
appsite-go/internal/services/relation/relation.go:39.45,41.3 1 0
appsite-go/internal/services/relation/relation.go:43.2,51.30 2 1
appsite-go/internal/services/relation/relation.go:55.89,58.2 1 1
appsite-go/internal/services/relation/relation.go:61.87,66.2 3 1
appsite-go/internal/services/relation/relation.go:69.72,73.2 3 1
appsite-go/internal/services/relation/relation.go:76.122,88.18 3 1
appsite-go/internal/services/relation/relation.go:88.18,90.3 1 0
appsite-go/internal/services/relation/relation.go:91.2,92.69 2 1
appsite-go/internal/services/relation/entity/relation.go:20.36,22.2 1 1
appsite-go/internal/services/form/submission.go:17.59,18.15 1 1
appsite-go/internal/services/form/submission.go:18.15,20.3 1 1
appsite-go/internal/services/form/submission.go:21.2,24.3 1 1
appsite-go/internal/services/form/submission.go:28.63,32.2 3 1
appsite-go/internal/services/form/submission.go:35.68,37.14 2 1
appsite-go/internal/services/form/submission.go:37.14,39.3 1 1
appsite-go/internal/services/form/submission.go:41.2,45.17 2 1
appsite-go/internal/services/form/submission.go:45.18,48.3 0 1
appsite-go/internal/services/form/submission.go:50.2,50.18 1 1
appsite-go/internal/services/form/submission.go:54.69,56.18 2 1
appsite-go/internal/services/form/submission.go:56.18,58.3 1 0
appsite-go/internal/services/form/submission.go:59.2,59.40 1 1
appsite-go/internal/services/form/submission.go:63.115,71.18 2 1
appsite-go/internal/services/form/submission.go:71.18,73.3 1 0
appsite-go/internal/services/form/submission.go:75.2,79.25 4 1
appsite-go/internal/services/form/entity/request.go:24.35,26.2 1 1
appsite-go/internal/services/shieldword/filter.go:25.39,26.15 1 1
appsite-go/internal/services/shieldword/filter.go:26.15,28.3 1 1
appsite-go/internal/services/shieldword/filter.go:29.2,32.3 1 1
appsite-go/internal/services/shieldword/filter.go:36.33,39.63 2 1
appsite-go/internal/services/shieldword/filter.go:39.63,42.3 2 1
appsite-go/internal/services/shieldword/filter.go:43.2,49.63 4 1
appsite-go/internal/services/shieldword/filter.go:49.63,51.3 1 0
appsite-go/internal/services/shieldword/filter.go:53.2,54.79 2 1
appsite-go/internal/services/shieldword/filter.go:54.79,57.3 2 0
appsite-go/internal/services/shieldword/filter.go:59.2,60.26 2 1
appsite-go/internal/services/shieldword/filter.go:60.26,62.3 1 1
appsite-go/internal/services/shieldword/filter.go:63.2,63.26 1 1
appsite-go/internal/services/shieldword/filter.go:67.51,69.17 2 1
appsite-go/internal/services/shieldword/filter.go:69.17,73.3 3 1
appsite-go/internal/services/shieldword/filter.go:74.2,74.18 1 1
appsite-go/internal/services/shieldword/filter.go:78.43,80.17 2 1
appsite-go/internal/services/shieldword/filter.go:80.17,84.3 3 1
appsite-go/internal/services/shieldword/filter.go:85.2,85.18 1 1
appsite-go/internal/services/shieldword/filter.go:89.46,94.31 4 1
appsite-go/internal/services/shieldword/filter.go:94.31,95.38 1 1
appsite-go/internal/services/shieldword/filter.go:95.38,97.4 1 1
appsite-go/internal/services/shieldword/filter.go:99.2,99.14 1 1
appsite-go/internal/services/shieldword/filter.go:103.50,108.31 4 1
appsite-go/internal/services/shieldword/filter.go:108.31,109.17 1 1
appsite-go/internal/services/shieldword/filter.go:109.17,110.12 1 0
appsite-go/internal/services/shieldword/filter.go:112.3,113.52 2 1
appsite-go/internal/services/shieldword/filter.go:115.2,115.16 1 1
appsite-go/internal/services/shieldword/entity/word.go:17.32,19.2 1 1
appsite-go/internal/services/user/entity/extension.go:41.36,43.2 1 1
appsite-go/internal/services/user/entity/extension.go:62.37,64.2 1 1
appsite-go/internal/services/user/entity/extension.go:82.42,84.2 1 1
appsite-go/internal/services/user/entity/user.go:31.32,33.2 1 0
appsite-go/internal/services/user/group/role.go:18.39,22.2 1 1
appsite-go/internal/services/user/group/role.go:24.83,32.2 3 1
appsite-go/internal/services/user/group/role.go:34.54,37.18 2 1
appsite-go/internal/services/user/group/role.go:37.18,39.3 1 0
appsite-go/internal/services/user/group/role.go:40.2,41.47 2 1
appsite-go/internal/services/user/info/profile.go:23.39,28.2 1 1
appsite-go/internal/services/user/info/profile.go:31.83,34.16 3 1
appsite-go/internal/services/user/info/profile.go:34.16,35.45 1 1
appsite-go/internal/services/user/info/profile.go:35.45,38.4 2 1
appsite-go/internal/services/user/info/profile.go:39.3,39.13 1 0
appsite-go/internal/services/user/info/profile.go:41.2,41.46 1 1
appsite-go/internal/services/user/info/profile.go:45.71,47.71 2 1
appsite-go/internal/services/user/info/profile.go:47.71,49.3 1 1
appsite-go/internal/services/user/info/profile.go:50.2,50.19 1 1
appsite-go/internal/services/user/preference/settings.go:19.39,24.2 1 1
appsite-go/internal/services/user/preference/settings.go:27.66,31.16 3 1
appsite-go/internal/services/user/preference/settings.go:31.16,34.3 1 1
appsite-go/internal/services/user/preference/settings.go:36.2,36.35 1 1
appsite-go/internal/services/user/preference/settings.go:36.35,44.3 1 1
appsite-go/internal/services/user/preference/settings.go:46.2,46.12 1 0
appsite-go/internal/services/user/preference/settings.go:50.59,53.16 3 1
appsite-go/internal/services/user/preference/settings.go:53.16,55.3 1 1
appsite-go/internal/services/user/preference/settings.go:56.2,56.26 1 1
appsite-go/internal/services/message/notification.go:17.63,18.15 1 1
appsite-go/internal/services/message/notification.go:18.15,20.3 1 1
appsite-go/internal/services/message/notification.go:21.2,24.3 1 1
appsite-go/internal/services/message/notification.go:28.89,38.2 3 1
appsite-go/internal/services/message/notification.go:41.59,44.2 2 1
appsite-go/internal/services/message/notification.go:47.70,51.2 1 1
appsite-go/internal/services/message/notification.go:54.122,62.18 2 1
appsite-go/internal/services/message/notification.go:62.18,64.3 1 0
appsite-go/internal/services/message/notification.go:66.2,70.25 4 1
appsite-go/internal/services/message/notification.go:74.77,80.2 3 1
appsite-go/internal/services/message/entity/notification.go:24.40,26.2 1 1
appsite-go/internal/services/commerce/entity/coupon.go:32.34,34.2 1 0
appsite-go/internal/services/commerce/entity/coupon.go:49.38,51.2 1 0
appsite-go/internal/services/commerce/entity/order.go:32.33,34.2 1 0
appsite-go/internal/services/commerce/entity/order.go:53.37,55.2 1 0
appsite-go/internal/services/commerce/entity/product.go:35.35,37.2 1 1
appsite-go/internal/services/commerce/entity/product.go:60.31,62.2 1 1
appsite-go/internal/services/commerce/entity/stock_log.go:24.36,26.2 1 0
appsite-go/internal/services/commerce/product/product.go:22.39,23.15 1 1
appsite-go/internal/services/commerce/product/product.go:23.15,25.3 1 1
appsite-go/internal/services/commerce/product/product.go:26.2,30.3 1 1
appsite-go/internal/services/commerce/product/product.go:34.58,37.2 2 1
appsite-go/internal/services/commerce/product/product.go:40.82,43.2 2 1
appsite-go/internal/services/commerce/product/product.go:46.66,48.18 2 1
appsite-go/internal/services/commerce/product/product.go:48.18,50.3 1 0
appsite-go/internal/services/commerce/product/product.go:51.2,51.40 1 1
appsite-go/internal/services/commerce/product/product.go:55.52,58.2 2 1
appsite-go/internal/services/commerce/product/product.go:61.78,64.2 2 1
appsite-go/internal/services/commerce/product/product.go:67.58,69.18 2 1
appsite-go/internal/services/commerce/product/product.go:69.18,71.3 1 0
appsite-go/internal/services/commerce/product/product.go:72.2,72.36 1 1
appsite-go/internal/services/commerce/product/product.go:76.68,80.2 3 1
appsite-go/internal/services/commerce/product/product.go:83.50,86.50 1 1
appsite-go/internal/services/commerce/product/product.go:86.50,89.74 1 1
appsite-go/internal/services/commerce/product/product.go:89.74,91.4 1 0
appsite-go/internal/services/commerce/product/product.go:93.3,93.84 1 1
appsite-go/internal/services/commerce/product/product.go:93.84,95.4 1 0
appsite-go/internal/services/commerce/product/product.go:96.3,96.13 1 1
appsite-go/internal/services/commerce/coupon/rule.go:29.39,31.2 1 1
appsite-go/internal/services/commerce/coupon/rule.go:33.35,35.2 1 1
appsite-go/internal/services/commerce/coupon/rule.go:38.56,40.2 1 1
appsite-go/internal/services/commerce/coupon/rule.go:43.95,49.50 4 1
appsite-go/internal/services/commerce/coupon/rule.go:49.50,52.87 2 1
appsite-go/internal/services/commerce/coupon/rule.go:52.87,54.4 1 0
appsite-go/internal/services/commerce/coupon/rule.go:56.3,56.28 1 1
appsite-go/internal/services/commerce/coupon/rule.go:56.28,58.4 1 0
appsite-go/internal/services/commerce/coupon/rule.go:60.3,60.43 1 1
appsite-go/internal/services/commerce/coupon/rule.go:60.43,62.4 1 1
appsite-go/internal/services/commerce/coupon/rule.go:64.3,64.56 1 1
appsite-go/internal/services/commerce/coupon/rule.go:64.56,66.4 1 0
appsite-go/internal/services/commerce/coupon/rule.go:70.3,72.16 3 1
appsite-go/internal/services/commerce/coupon/rule.go:72.16,74.4 1 1
appsite-go/internal/services/commerce/coupon/rule.go:77.3,77.96 1 1
appsite-go/internal/services/commerce/coupon/rule.go:77.96,79.4 1 0
appsite-go/internal/services/commerce/coupon/rule.go:82.3,87.29 2 1
appsite-go/internal/services/commerce/coupon/rule.go:90.2,90.16 1 1
appsite-go/internal/services/commerce/coupon/rule.go:94.90,96.70 2 1
appsite-go/internal/services/commerce/coupon/rule.go:96.70,98.3 1 0
appsite-go/internal/services/commerce/coupon/rule.go:100.2,100.27 1 1
appsite-go/internal/services/commerce/coupon/rule.go:100.27,102.3 1 0
appsite-go/internal/services/commerce/coupon/rule.go:104.2,105.68 2 1
appsite-go/internal/services/commerce/coupon/rule.go:105.68,107.3 1 0
appsite-go/internal/services/commerce/coupon/rule.go:109.2,110.21 2 1
appsite-go/internal/services/commerce/coupon/rule.go:110.21,112.3 1 0
appsite-go/internal/services/commerce/coupon/rule.go:114.2,114.30 1 1
appsite-go/internal/services/commerce/coupon/rule.go:114.30,116.3 1 1
appsite-go/internal/services/commerce/coupon/rule.go:118.2,118.16 1 1
appsite-go/internal/services/commerce/coupon/rule.go:122.72,124.60 2 0
appsite-go/internal/services/commerce/coupon/rule.go:124.60,126.3 1 0
appsite-go/internal/services/commerce/coupon/rule.go:127.2,127.17 1 0
appsite-go/internal/services/commerce/coupon/rule.go:131.64,133.59 2 0
appsite-go/internal/services/commerce/coupon/rule.go:133.59,135.3 1 0
appsite-go/internal/services/commerce/coupon/rule.go:136.2,136.16 1 0
appsite-go/internal/services/commerce/coupon/rule.go:140.66,146.2 3 1
appsite-go/internal/services/commerce/coupon/rule.go:149.79,153.2 3 1
appsite-go/internal/services/commerce/coupon/rule.go:156.66,165.22 2 1
appsite-go/internal/services/commerce/coupon/rule.go:165.22,167.3 1 0
appsite-go/internal/services/commerce/coupon/rule.go:168.2,168.27 1 1
appsite-go/internal/services/commerce/coupon/rule.go:168.27,170.3 1 1
appsite-go/internal/services/commerce/coupon/rule.go:171.2,171.12 1 1
appsite-go/internal/services/commerce/entity/coupon.go:32.34,34.2 1 1
appsite-go/internal/services/commerce/entity/coupon.go:49.38,51.2 1 1
appsite-go/internal/services/commerce/entity/order.go:32.33,34.2 1 0
appsite-go/internal/services/commerce/entity/order.go:53.37,55.2 1 0
appsite-go/internal/services/commerce/entity/product.go:35.35,37.2 1 0
appsite-go/internal/services/commerce/entity/product.go:60.31,62.2 1 0
appsite-go/internal/services/commerce/entity/stock_log.go:24.36,26.2 1 0
appsite-go/internal/services/commerce/entity/coupon.go:32.34,34.2 1 0
appsite-go/internal/services/commerce/entity/coupon.go:49.38,51.2 1 0
appsite-go/internal/services/commerce/entity/order.go:32.33,34.2 1 0
appsite-go/internal/services/commerce/entity/order.go:53.37,55.2 1 0
appsite-go/internal/services/commerce/entity/product.go:35.35,37.2 1 0
appsite-go/internal/services/commerce/entity/product.go:60.31,62.2 1 1
appsite-go/internal/services/commerce/entity/stock_log.go:24.36,26.2 1 1
appsite-go/internal/services/commerce/stock/inventory.go:26.57,27.15 1 1
appsite-go/internal/services/commerce/stock/inventory.go:27.15,29.3 1 1
appsite-go/internal/services/commerce/stock/inventory.go:30.2,30.34 1 1
appsite-go/internal/services/commerce/stock/inventory.go:34.80,35.14 1 1
appsite-go/internal/services/commerce/stock/inventory.go:35.14,37.3 1 0
appsite-go/internal/services/commerce/stock/inventory.go:39.2,39.50 1 1
appsite-go/internal/services/commerce/stock/inventory.go:39.50,48.23 2 1
appsite-go/internal/services/commerce/stock/inventory.go:48.23,50.4 1 0
appsite-go/internal/services/commerce/stock/inventory.go:51.3,51.28 1 1
appsite-go/internal/services/commerce/stock/inventory.go:51.28,56.4 1 1
appsite-go/internal/services/commerce/stock/inventory.go:59.3,60.79 2 1
appsite-go/internal/services/commerce/stock/inventory.go:60.79,62.4 1 0
appsite-go/internal/services/commerce/stock/inventory.go:65.3,74.46 2 1
appsite-go/internal/services/commerce/stock/inventory.go:74.46,76.4 1 0
appsite-go/internal/services/commerce/stock/inventory.go:78.3,78.13 1 1
appsite-go/internal/services/commerce/stock/inventory.go:83.81,84.14 1 1
appsite-go/internal/services/commerce/stock/inventory.go:84.14,86.3 1 0
appsite-go/internal/services/commerce/stock/inventory.go:88.2,88.50 1 1
appsite-go/internal/services/commerce/stock/inventory.go:88.50,93.23 2 1
appsite-go/internal/services/commerce/stock/inventory.go:93.23,95.4 1 0
appsite-go/internal/services/commerce/stock/inventory.go:96.3,96.28 1 1
appsite-go/internal/services/commerce/stock/inventory.go:96.28,98.4 1 0
appsite-go/internal/services/commerce/stock/inventory.go:100.3,101.79 2 1
appsite-go/internal/services/commerce/stock/inventory.go:101.79,103.4 1 0
appsite-go/internal/services/commerce/stock/inventory.go:105.3,114.46 2 1
appsite-go/internal/services/commerce/stock/inventory.go:114.46,116.4 1 0
appsite-go/internal/services/commerce/stock/inventory.go:118.3,118.13 1 1
appsite-go/internal/services/commerce/stock/inventory.go:123.64,127.2 3 1
appsite-go/internal/services/contents/article.go:17.53,18.15 1 1
appsite-go/internal/services/contents/article.go:18.15,20.3 1 1
appsite-go/internal/services/contents/article.go:21.2,24.3 1 1
appsite-go/internal/services/contents/article.go:28.64,31.2 2 1
appsite-go/internal/services/contents/article.go:34.82,37.2 2 1
appsite-go/internal/services/contents/article.go:40.50,43.2 2 1
appsite-go/internal/services/contents/article.go:46.66,48.18 2 1
appsite-go/internal/services/contents/article.go:48.18,50.3 1 1
appsite-go/internal/services/contents/article.go:51.2,51.40 1 1
appsite-go/internal/services/contents/article.go:55.112,71.18 2 1
appsite-go/internal/services/contents/article.go:71.18,73.3 1 0
appsite-go/internal/services/contents/article.go:75.2,79.25 4 1
appsite-go/internal/services/contents/article.go:83.57,85.2 1 1
appsite-go/internal/services/contents/banner.go:17.51,18.15 1 1
appsite-go/internal/services/contents/banner.go:18.15,20.3 1 1
appsite-go/internal/services/contents/banner.go:21.2,24.3 1 1
appsite-go/internal/services/contents/banner.go:28.61,31.2 2 1
appsite-go/internal/services/contents/banner.go:34.81,37.2 2 1
appsite-go/internal/services/contents/banner.go:40.49,43.2 2 1
appsite-go/internal/services/contents/banner.go:46.64,48.18 2 1
appsite-go/internal/services/contents/banner.go:48.18,50.3 1 1
appsite-go/internal/services/contents/banner.go:51.2,51.39 1 1
appsite-go/internal/services/contents/banner.go:55.110,63.18 2 1
appsite-go/internal/services/contents/banner.go:63.18,65.3 1 0
appsite-go/internal/services/contents/banner.go:67.2,71.25 4 1
appsite-go/internal/services/contents/banner.go:75.57,77.2 1 1
appsite-go/internal/services/contents/banner.go:80.56,82.2 1 1
appsite-go/internal/services/contents/category.go:21.55,22.15 1 1
appsite-go/internal/services/contents/category.go:22.15,24.3 1 1
appsite-go/internal/services/contents/category.go:25.2,28.3 1 1
appsite-go/internal/services/contents/category.go:32.62,35.2 2 1
appsite-go/internal/services/contents/category.go:38.83,41.2 2 1
appsite-go/internal/services/contents/category.go:44.51,47.2 2 1
appsite-go/internal/services/contents/category.go:50.68,52.18 2 1
appsite-go/internal/services/contents/category.go:52.18,54.3 1 0
appsite-go/internal/services/contents/category.go:55.2,55.41 1 1
appsite-go/internal/services/contents/category.go:59.114,67.18 2 1
appsite-go/internal/services/contents/category.go:67.18,69.3 1 0
appsite-go/internal/services/contents/category.go:71.2,72.69 2 1
appsite-go/internal/services/contents/category.go:82.72,88.16 3 1
appsite-go/internal/services/contents/category.go:88.16,90.3 1 0
appsite-go/internal/services/contents/category.go:93.2,97.21 3 1
appsite-go/internal/services/contents/category.go:97.21,101.3 2 1
appsite-go/internal/services/contents/category.go:104.2,104.26 1 1
appsite-go/internal/services/contents/category.go:104.26,106.111 2 1
appsite-go/internal/services/contents/category.go:106.111,108.4 1 1
appsite-go/internal/services/contents/category.go:108.9,109.47 1 1
appsite-go/internal/services/contents/category.go:109.47,111.5 1 1
appsite-go/internal/services/contents/category.go:111.10,111.27 1 0
appsite-go/internal/services/contents/category.go:111.28,117.5 0 0
appsite-go/internal/services/contents/category.go:121.2,121.19 1 1
appsite-go/internal/services/contents/comment.go:17.53,18.15 1 1
appsite-go/internal/services/contents/comment.go:18.15,20.3 1 1
appsite-go/internal/services/contents/comment.go:21.2,24.3 1 1
appsite-go/internal/services/contents/comment.go:28.64,31.2 2 1
appsite-go/internal/services/contents/comment.go:34.82,37.2 2 1
appsite-go/internal/services/contents/comment.go:40.50,43.2 2 1
appsite-go/internal/services/contents/comment.go:46.66,48.18 2 1
appsite-go/internal/services/contents/comment.go:48.18,50.3 1 1
appsite-go/internal/services/contents/comment.go:51.2,51.40 1 1
appsite-go/internal/services/contents/comment.go:55.112,63.18 2 1
appsite-go/internal/services/contents/comment.go:63.18,65.3 1 0
appsite-go/internal/services/contents/comment.go:67.2,71.25 4 1
appsite-go/internal/services/contents/media.go:17.49,18.15 1 1
appsite-go/internal/services/contents/media.go:18.15,20.3 1 1
appsite-go/internal/services/contents/media.go:21.2,24.3 1 1
appsite-go/internal/services/contents/media.go:28.58,31.2 2 1
appsite-go/internal/services/contents/media.go:34.80,37.2 2 1
appsite-go/internal/services/contents/media.go:40.48,43.2 2 1
appsite-go/internal/services/contents/media.go:46.62,48.18 2 1
appsite-go/internal/services/contents/media.go:48.18,50.3 1 1
appsite-go/internal/services/contents/media.go:51.2,51.38 1 1
appsite-go/internal/services/contents/media.go:55.108,63.18 2 1
appsite-go/internal/services/contents/media.go:63.18,65.3 1 0
appsite-go/internal/services/contents/media.go:67.2,71.25 4 1
appsite-go/internal/services/contents/page.go:17.47,18.15 1 1
appsite-go/internal/services/contents/page.go:18.15,20.3 1 1
appsite-go/internal/services/contents/page.go:21.2,24.3 1 1
appsite-go/internal/services/contents/page.go:28.55,31.2 2 1
appsite-go/internal/services/contents/page.go:34.79,37.2 2 1
appsite-go/internal/services/contents/page.go:40.47,43.2 2 1
appsite-go/internal/services/contents/page.go:46.60,48.18 2 1
appsite-go/internal/services/contents/page.go:48.18,50.3 1 1
appsite-go/internal/services/contents/page.go:51.2,51.37 1 1
appsite-go/internal/services/contents/page.go:55.70,57.74 2 1
appsite-go/internal/services/contents/page.go:57.74,59.3 1 0
appsite-go/internal/services/contents/page.go:60.2,60.19 1 1
appsite-go/internal/services/contents/page.go:64.106,72.18 2 1
appsite-go/internal/services/contents/page.go:72.18,74.3 1 0
appsite-go/internal/services/contents/page.go:76.2,80.25 4 1
appsite-go/internal/services/contents/page.go:84.54,86.2 1 1
appsite-go/internal/services/contents/tag.go:17.45,18.15 1 1
appsite-go/internal/services/contents/tag.go:18.15,20.3 1 1
appsite-go/internal/services/contents/tag.go:21.2,24.3 1 1
appsite-go/internal/services/contents/tag.go:28.52,31.2 2 1
appsite-go/internal/services/contents/tag.go:34.78,37.2 2 1
appsite-go/internal/services/contents/tag.go:40.46,43.2 2 1
appsite-go/internal/services/contents/tag.go:46.58,48.18 2 1
appsite-go/internal/services/contents/tag.go:48.18,50.3 1 1
appsite-go/internal/services/contents/tag.go:51.2,51.36 1 1
appsite-go/internal/services/contents/tag.go:55.104,63.18 2 1
appsite-go/internal/services/contents/tag.go:63.18,65.3 1 0
appsite-go/internal/services/contents/tag.go:67.2,71.25 4 1
appsite-go/internal/services/contents/entity/article.go:34.35,36.2 1 1
appsite-go/internal/services/contents/entity/banner.go:23.34,25.2 1 1
appsite-go/internal/services/contents/entity/category.go:28.36,30.2 1 1
appsite-go/internal/services/contents/entity/comment.go:23.35,25.2 1 1
appsite-go/internal/services/contents/entity/media.go:26.33,28.2 1 1
appsite-go/internal/services/contents/entity/page.go:23.32,25.2 1 1
appsite-go/internal/services/contents/entity/tag.go:22.31,24.2 1 1
appsite-go/internal/services/world/entity/tenant.go:29.34,31.2 1 1
appsite-go/internal/services/world/saas/tenant.go:24.51,25.15 1 1
appsite-go/internal/services/world/saas/tenant.go:25.15,27.3 1 1
appsite-go/internal/services/world/saas/tenant.go:28.2,31.3 1 1
appsite-go/internal/services/world/saas/tenant.go:35.61,37.23 1 1
appsite-go/internal/services/world/saas/tenant.go:37.23,39.3 1 1
appsite-go/internal/services/world/saas/tenant.go:40.2,41.18 2 1
appsite-go/internal/services/world/saas/tenant.go:45.81,48.2 2 1
appsite-go/internal/services/world/saas/tenant.go:51.64,53.18 2 1
appsite-go/internal/services/world/saas/tenant.go:53.18,55.3 1 0
appsite-go/internal/services/world/saas/tenant.go:56.2,56.39 1 1
appsite-go/internal/services/world/saas/tenant.go:60.76,63.16 3 1
appsite-go/internal/services/world/saas/tenant.go:63.16,65.3 1 0
appsite-go/internal/services/world/saas/tenant.go:66.2,66.16 1 1
appsite-go/internal/services/world/saas/tenant.go:70.110,78.18 2 1
appsite-go/internal/services/world/saas/tenant.go:78.18,80.3 1 0
appsite-go/internal/services/world/saas/tenant.go:82.2,83.67 2 1
appsite-go/internal/services/world/saas/tenant.go:87.62,89.16 2 1
appsite-go/internal/services/world/saas/tenant.go:89.16,91.3 1 0
appsite-go/internal/services/world/saas/tenant.go:93.2,93.27 1 1
appsite-go/internal/services/world/saas/tenant.go:93.27,95.3 1 1
appsite-go/internal/services/world/saas/tenant.go:97.2,97.54 1 1
appsite-go/internal/services/world/saas/tenant.go:97.54,99.3 1 1
appsite-go/internal/services/world/saas/tenant.go:101.2,101.18 1 1
appsite-go/internal/services/finance/ledger.go:23.51,25.2 1 1
appsite-go/internal/services/finance/ledger.go:27.41,29.2 1 1
appsite-go/internal/services/finance/ledger.go:32.87,35.16 3 1
appsite-go/internal/services/finance/ledger.go:35.16,41.3 1 1
appsite-go/internal/services/finance/ledger.go:42.2,42.12 1 1
appsite-go/internal/services/finance/ledger.go:46.140,47.50 1 1
appsite-go/internal/services/finance/ledger.go:47.50,49.60 1 1
appsite-go/internal/services/finance/ledger.go:49.60,51.4 1 0
appsite-go/internal/services/finance/ledger.go:54.3,57.34 2 1
appsite-go/internal/services/finance/ledger.go:57.34,59.4 1 0
appsite-go/internal/services/finance/ledger.go:61.3,62.19 2 1
appsite-go/internal/services/finance/ledger.go:62.19,64.4 1 1
appsite-go/internal/services/finance/ledger.go:66.3,66.72 1 1
appsite-go/internal/services/finance/ledger.go:66.72,68.4 1 0
appsite-go/internal/services/finance/ledger.go:71.3,80.31 2 1
appsite-go/internal/services/finance/ledger.go:85.80,88.44 3 1
appsite-go/internal/services/finance/ledger.go:88.44,90.3 1 1
appsite-go/internal/services/finance/ledger.go:91.2,91.23 1 1
appsite-go/internal/services/finance/ledger.go:95.110,100.17 4 1
appsite-go/internal/services/finance/ledger.go:100.17,102.3 1 1
appsite-go/internal/services/finance/ledger.go:104.2,107.26 3 1
appsite-go/internal/services/finance/entity/deal.go:26.32,28.2 1 1
appsite-go/internal/services/finance/entity/deal.go:42.35,44.2 1 1
appsite-go/internal/services/access/token/jwt.go:37.49,40.17 2 1
appsite-go/internal/services/access/token/jwt.go:40.17,42.3 1 0
appsite-go/internal/services/access/token/jwt.go:44.2,48.3 1 1
appsite-go/internal/services/access/token/jwt.go:52.70,67.2 4 1
appsite-go/internal/services/access/token/jwt.go:70.67,71.104 1 0
appsite-go/internal/services/access/token/jwt.go:71.104,72.58 1 0
appsite-go/internal/services/access/token/jwt.go:72.58,74.4 1 0
appsite-go/internal/services/access/token/jwt.go:75.3,75.23 1 0
appsite-go/internal/services/access/token/jwt.go:78.2,78.16 1 0
appsite-go/internal/services/access/token/jwt.go:78.16,79.42 1 0
appsite-go/internal/services/access/token/jwt.go:79.42,81.4 1 0
appsite-go/internal/services/access/token/jwt.go:82.3,82.46 1 0
appsite-go/internal/services/access/token/jwt.go:82.46,84.4 1 0
appsite-go/internal/services/access/token/jwt.go:85.3,85.44 1 0
appsite-go/internal/services/access/token/jwt.go:85.44,87.4 1 0
appsite-go/internal/services/access/token/jwt.go:88.3,88.18 1 0
appsite-go/internal/services/access/token/jwt.go:91.2,91.61 1 0
appsite-go/internal/services/access/token/jwt.go:91.61,93.3 1 0
appsite-go/internal/services/access/token/jwt.go:95.2,95.29 1 0
appsite-go/internal/services/access/verify/otp.go:23.51,25.2 1 1
appsite-go/internal/services/access/verify/otp.go:31.114,32.17 1 1
appsite-go/internal/services/access/verify/otp.go:32.17,34.3 1 0
appsite-go/internal/services/access/verify/otp.go:36.2,37.30 2 1
appsite-go/internal/services/access/verify/otp.go:37.30,39.17 2 1
appsite-go/internal/services/access/verify/otp.go:39.17,41.4 1 0
appsite-go/internal/services/access/verify/otp.go:42.3,42.21 1 1
appsite-go/internal/services/access/verify/otp.go:45.2,46.61 2 1
appsite-go/internal/services/access/verify/otp.go:46.61,48.3 1 0
appsite-go/internal/services/access/verify/otp.go:50.2,50.18 1 1
appsite-go/internal/services/access/verify/otp.go:54.75,57.16 3 1
appsite-go/internal/services/access/verify/otp.go:57.16,59.3 1 1
appsite-go/internal/services/access/verify/otp.go:61.2,61.17 1 1
appsite-go/internal/services/access/verify/otp.go:61.17,65.3 2 1
appsite-go/internal/services/access/verify/otp.go:67.2,67.14 1 0
appsite-go/internal/services/access/verify/otp.go:70.48,72.2 1 1
appsite-go/internal/services/user/account/auth.go:37.99,39.15 1 1
appsite-go/internal/services/user/account/auth.go:39.15,41.3 1 1
appsite-go/internal/services/user/account/auth.go:42.2,48.3 1 1
appsite-go/internal/services/user/account/auth.go:61.75,68.15 3 1
appsite-go/internal/services/user/account/auth.go:68.15,70.3 1 1
appsite-go/internal/services/user/account/auth.go:73.2,74.16 2 1
appsite-go/internal/services/user/account/auth.go:74.16,76.3 1 0
appsite-go/internal/services/user/account/auth.go:79.2,88.43 2 1
appsite-go/internal/services/user/account/auth.go:88.43,90.23 1 0
appsite-go/internal/services/user/account/auth.go:90.23,92.4 1 0
appsite-go/internal/services/user/account/auth.go:93.3,93.38 1 0
appsite-go/internal/services/user/account/auth.go:96.2,96.18 1 1
appsite-go/internal/services/user/account/auth.go:100.88,105.16 3 1
appsite-go/internal/services/user/account/auth.go:105.16,106.45 1 1
appsite-go/internal/services/user/account/auth.go:106.45,108.4 1 1
appsite-go/internal/services/user/account/auth.go:109.3,109.22 1 0
appsite-go/internal/services/user/account/auth.go:113.2,113.45 1 1
appsite-go/internal/services/user/account/auth.go:113.45,115.3 1 1
appsite-go/internal/services/user/account/auth.go:118.2,118.30 1 1
appsite-go/internal/services/user/account/auth.go:118.30,120.3 1 1
appsite-go/internal/services/user/account/auth.go:123.2,124.16 2 1
appsite-go/internal/services/user/account/auth.go:124.16,126.3 1 0
appsite-go/internal/services/user/account/auth.go:128.2,128.28 1 1
appsite-go/internal/services/user/account/auth.go:132.106,134.40 1 1
appsite-go/internal/services/user/account/auth.go:134.40,136.3 1 1
appsite-go/internal/services/user/account/auth.go:139.2,141.16 3 1
appsite-go/internal/services/user/account/auth.go:141.16,142.45 1 0
appsite-go/internal/services/user/account/auth.go:142.45,146.4 1 0
appsite-go/internal/services/user/account/auth.go:147.3,147.22 1 0
appsite-go/internal/services/user/account/auth.go:151.2,151.30 1 1
appsite-go/internal/services/user/account/auth.go:151.30,153.3 1 0
appsite-go/internal/services/user/account/auth.go:156.2,157.16 2 1
appsite-go/internal/services/user/account/auth.go:157.16,159.3 1 0
appsite-go/internal/services/user/account/auth.go:161.2,161.28 1 1
appsite-go/internal/services/user/account/auth.go:165.87,172.2 1 1
appsite-go/internal/services/user/account/password.go:15.44,19.2 1 1
appsite-go/internal/services/user/account/password.go:22.65,25.2 2 1
appsite-go/internal/services/user/account/password.go:28.63,31.2 2 1
appsite-go/internal/services/user/entity/extension.go:41.36,43.2 1 1
appsite-go/internal/services/user/entity/extension.go:62.37,64.2 1 1
appsite-go/internal/services/user/entity/extension.go:82.42,84.2 1 1
appsite-go/internal/services/user/entity/user.go:31.32,33.2 1 1
