mode: set
appsite-go/internal/core/error/code.go:38.30,40.2 1 1
appsite-go/internal/core/error/code.go:43.36,44.11 1 1
appsite-go/internal/core/error/code.go:45.15,46.19 1 1
appsite-go/internal/core/error/code.go:47.21,48.30 1 1
appsite-go/internal/core/error/code.go:49.20,50.24 1 1
appsite-go/internal/core/error/code.go:51.17,52.21 1 0
appsite-go/internal/core/error/code.go:53.16,54.21 1 1
appsite-go/internal/core/error/code.go:55.19,56.33 1 1
appsite-go/internal/core/error/code.go:57.20,58.25 1 0
appsite-go/internal/core/error/code.go:59.20,60.25 1 0
appsite-go/internal/core/error/code.go:61.20,62.26 1 0
appsite-go/internal/core/error/code.go:63.18,64.31 1 0
appsite-go/internal/core/error/code.go:65.10,66.25 1 1
appsite-go/internal/core/error/types.go:20.35,21.18 1 1
appsite-go/internal/core/error/types.go:21.18,23.3 1 1
appsite-go/internal/core/error/types.go:24.2,24.50 1 1
appsite-go/internal/core/error/types.go:28.35,30.2 1 1
appsite-go/internal/core/error/types.go:33.36,38.2 1 1
appsite-go/internal/core/error/types.go:41.59,46.2 1 1
appsite-go/internal/core/error/types.go:50.60,51.15 1 1
appsite-go/internal/core/error/types.go:51.15,53.3 1 1
appsite-go/internal/core/error/types.go:54.2,58.3 1 1
appsite-go/internal/core/error/types.go:62.63,65.2 2 1
appsite-go/internal/core/log/logger.go:28.26,30.2 1 1
appsite-go/internal/core/log/logger.go:34.25,36.2 1 1
appsite-go/internal/core/log/logger.go:40.68,41.25 1 1
appsite-go/internal/core/log/logger.go:41.25,43.3 1 1
appsite-go/internal/core/log/logger.go:46.67,47.25 1 1
appsite-go/internal/core/log/logger.go:47.25,49.3 1 1
appsite-go/internal/core/log/logger.go:52.67,53.25 1 1
appsite-go/internal/core/log/logger.go:53.25,55.3 1 1
appsite-go/internal/core/log/logger.go:58.68,59.25 1 1
appsite-go/internal/core/log/logger.go:59.25,61.3 1 1
appsite-go/internal/core/log/logger.go:64.68,65.25 1 1
appsite-go/internal/core/log/logger.go:65.25,67.3 1 1
appsite-go/internal/core/log/zap.go:20.53,28.55 5 1
appsite-go/internal/core/log/zap.go:28.55,30.3 1 0
appsite-go/internal/core/log/zap.go:32.2,42.8 3 1
appsite-go/internal/core/log/zap.go:45.65,50.22 1 1
appsite-go/internal/core/log/zap.go:50.22,52.3 1 1
appsite-go/internal/core/log/zap.go:54.2,55.38 2 1
appsite-go/internal/core/log/zap.go:55.38,56.24 1 1
appsite-go/internal/core/log/zap.go:56.24,58.11 2 1
appsite-go/internal/core/log/zap.go:58.11,60.5 1 0
appsite-go/internal/core/log/zap.go:61.4,61.60 1 1
appsite-go/internal/core/log/zap.go:64.2,64.18 1 1
appsite-go/internal/core/log/zap.go:67.83,69.2 1 1
appsite-go/internal/core/log/zap.go:71.82,73.2 1 1
appsite-go/internal/core/log/zap.go:75.82,77.2 1 1
appsite-go/internal/core/log/zap.go:79.83,81.2 1 1
appsite-go/internal/core/log/zap.go:83.83,85.2 1 0
appsite-go/internal/core/log/zap.go:87.34,89.2 1 1
appsite-go/internal/core/log/logger.go:28.26,30.2 1 0
appsite-go/internal/core/log/logger.go:34.25,36.2 1 0
appsite-go/internal/core/log/logger.go:40.68,41.25 1 0
appsite-go/internal/core/log/logger.go:41.25,43.3 1 0
appsite-go/internal/core/log/logger.go:46.67,47.25 1 1
appsite-go/internal/core/log/logger.go:47.25,49.3 1 0
appsite-go/internal/core/log/logger.go:52.67,53.25 1 0
appsite-go/internal/core/log/logger.go:53.25,55.3 1 0
appsite-go/internal/core/log/logger.go:58.68,59.25 1 0
appsite-go/internal/core/log/logger.go:59.25,61.3 1 0
appsite-go/internal/core/log/logger.go:64.68,65.25 1 0
appsite-go/internal/core/log/logger.go:65.25,67.3 1 0
appsite-go/internal/core/log/zap.go:20.53,28.55 5 0
appsite-go/internal/core/log/zap.go:28.55,30.3 1 0
appsite-go/internal/core/log/zap.go:32.2,42.8 3 0
appsite-go/internal/core/log/zap.go:45.65,50.22 1 0
appsite-go/internal/core/log/zap.go:50.22,52.3 1 0
appsite-go/internal/core/log/zap.go:54.2,55.38 2 0
appsite-go/internal/core/log/zap.go:55.38,56.24 1 0
appsite-go/internal/core/log/zap.go:56.24,58.11 2 0
appsite-go/internal/core/log/zap.go:58.11,60.5 1 0
appsite-go/internal/core/log/zap.go:61.4,61.60 1 0
appsite-go/internal/core/log/zap.go:64.2,64.18 1 0
appsite-go/internal/core/log/zap.go:67.83,69.2 1 0
appsite-go/internal/core/log/zap.go:71.82,73.2 1 0
appsite-go/internal/core/log/zap.go:75.82,77.2 1 0
appsite-go/internal/core/log/zap.go:79.83,81.2 1 0
appsite-go/internal/core/log/zap.go:83.83,85.2 1 0
appsite-go/internal/core/log/zap.go:87.34,89.2 1 0
appsite-go/internal/core/route/engine.go:9.49,11.22 1 1
appsite-go/internal/core/route/engine.go:12.17,13.31 1 0
appsite-go/internal/core/route/engine.go:14.14,15.28 1 1
appsite-go/internal/core/route/engine.go:16.10,17.29 1 0
appsite-go/internal/core/route/engine.go:20.2,28.10 6 1
appsite-go/internal/core/route/middleware.go:18.41,19.29 1 1
appsite-go/internal/core/route/middleware.go:19.29,42.22 9 1
appsite-go/internal/core/route/middleware.go:42.22,43.37 1 0
appsite-go/internal/core/route/middleware.go:43.37,46.2 1 0
appsite-go/internal/core/route/middleware.go:47.7,48.18 1 1
appsite-go/internal/core/route/middleware.go:48.18,50.2 1 0
appsite-go/internal/core/route/middleware.go:50.7,52.2 1 1
appsite-go/internal/core/route/middleware.go:58.43,59.71 1 1
appsite-go/internal/core/route/middleware.go:59.71,61.37 2 0
appsite-go/internal/core/route/middleware.go:61.37,63.2 1 0
appsite-go/internal/core/route/middleware.go:63.7,65.2 1 0
appsite-go/internal/core/route/middleware.go:66.1,66.23 1 0
appsite-go/internal/core/route/middleware.go:71.39,72.29 1 1
appsite-go/internal/core/route/middleware.go:72.29,78.34 5 1
appsite-go/internal/core/route/middleware.go:78.34,81.2 2 0
appsite-go/internal/core/route/middleware.go:83.1,83.9 1 1
appsite-go/internal/core/route/middleware.go:88.39,89.29 1 1
appsite-go/internal/core/route/middleware.go:89.29,91.19 2 1
appsite-go/internal/core/route/middleware.go:91.19,94.2 1 1
appsite-go/internal/core/route/middleware.go:96.1,96.19 1 1
appsite-go/internal/core/route/middleware.go:96.19,98.2 1 1
appsite-go/internal/core/route/middleware.go:100.1,100.9 1 1
appsite-go/internal/core/setting/loader.go:23.76,35.42 8 0
appsite-go/internal/core/setting/loader.go:35.42,36.55 1 0
appsite-go/internal/core/setting/loader.go:36.55,40.4 1 0
appsite-go/internal/core/setting/loader.go:40.9,42.4 1 0
appsite-go/internal/core/setting/loader.go:45.2,45.29 1 0
appsite-go/internal/core/setting/loader.go:49.42,51.45 2 0
appsite-go/internal/core/setting/loader.go:51.45,53.3 1 0
appsite-go/internal/core/setting/loader.go:54.2,55.18 2 0
appsite-go/internal/core/setting/loader.go:59.48,60.45 1 0
appsite-go/internal/core/setting/loader.go:60.45,62.46 2 0
appsite-go/internal/core/setting/loader.go:62.46,64.23 2 0
appsite-go/internal/core/setting/loader.go:64.23,66.5 1 0
appsite-go/internal/core/setting/loader.go:69.2,69.20 1 0
appsite-go/internal/core/setting/loader.go:23.76,35.42 8 1
appsite-go/internal/core/setting/loader.go:35.42,36.55 1 1
appsite-go/internal/core/setting/loader.go:36.55,40.4 1 1
appsite-go/internal/core/setting/loader.go:40.9,42.4 1 0
appsite-go/internal/core/setting/loader.go:45.2,45.29 1 1
appsite-go/internal/core/setting/loader.go:49.42,51.45 2 1
appsite-go/internal/core/setting/loader.go:51.45,53.3 1 0
appsite-go/internal/core/setting/loader.go:54.2,55.18 2 1
appsite-go/internal/core/setting/loader.go:59.48,60.45 1 1
appsite-go/internal/core/setting/loader.go:60.45,62.46 2 1
appsite-go/internal/core/setting/loader.go:62.46,64.23 2 1
appsite-go/internal/core/setting/loader.go:64.23,66.5 1 1
appsite-go/internal/core/setting/loader.go:69.2,69.20 1 1
appsite-go/internal/core/model/base.go:22.51,23.19 1 1
appsite-go/internal/core/model/base.go:23.19,29.3 2 0
appsite-go/internal/core/model/base.go:30.2,30.12 1 1
appsite-go/internal/core/model/crud.go:22.43,24.2 1 1
appsite-go/internal/core/model/crud.go:27.42,29.74 1 1
appsite-go/internal/core/model/crud.go:29.74,30.46 1 1
appsite-go/internal/core/model/crud.go:30.46,32.4 1 1
appsite-go/internal/core/model/crud.go:36.2,36.50 1 1
appsite-go/internal/core/model/crud.go:36.50,38.3 1 0
appsite-go/internal/core/model/crud.go:41.2,41.73 1 1
appsite-go/internal/core/model/crud.go:41.73,42.45 1 1
appsite-go/internal/core/model/crud.go:42.45,45.4 1 0
appsite-go/internal/core/model/crud.go:48.2,48.45 1 1
appsite-go/internal/core/model/crud.go:52.42,54.64 2 1
appsite-go/internal/core/model/crud.go:54.64,55.45 1 1
appsite-go/internal/core/model/crud.go:55.45,57.4 1 1
appsite-go/internal/core/model/crud.go:58.3,58.72 1 0
appsite-go/internal/core/model/crud.go:60.2,60.46 1 1
appsite-go/internal/core/model/crud.go:64.77,67.64 2 1
appsite-go/internal/core/model/crud.go:67.64,69.3 1 1
appsite-go/internal/core/model/crud.go:78.2,78.78 1 1
appsite-go/internal/core/model/crud.go:78.78,79.49 1 1
appsite-go/internal/core/model/crud.go:79.49,81.4 1 1
appsite-go/internal/core/model/crud.go:84.2,84.67 1 1
appsite-go/internal/core/model/crud.go:84.67,86.3 1 0
appsite-go/internal/core/model/crud.go:88.2,88.46 1 1
appsite-go/internal/core/model/crud.go:92.45,95.64 2 1
appsite-go/internal/core/model/crud.go:95.64,97.3 1 1
appsite-go/internal/core/model/crud.go:99.2,99.78 1 1
appsite-go/internal/core/model/crud.go:99.78,100.49 1 1
appsite-go/internal/core/model/crud.go:100.49,102.4 1 1
appsite-go/internal/core/model/crud.go:105.2,105.51 1 1
appsite-go/internal/core/model/crud.go:105.51,107.3 1 0
appsite-go/internal/core/model/crud.go:109.2,109.41 1 1
appsite-go/internal/core/model/crud.go:113.52,120.54 4 1
appsite-go/internal/core/model/crud.go:120.54,124.3 1 1
appsite-go/internal/core/model/crud.go:127.2,132.23 3 1
appsite-go/internal/core/model/crud.go:132.23,134.3 1 1
appsite-go/internal/core/model/crud.go:134.8,136.3 1 1
appsite-go/internal/core/model/crud.go:138.2,138.46 1 1
appsite-go/internal/core/model/crud.go:138.46,140.3 1 0
appsite-go/internal/core/model/crud.go:142.2,147.4 1 1
appsite-go/internal/core/setting/loader.go:23.76,35.42 8 0
appsite-go/internal/core/setting/loader.go:35.42,36.55 1 0
appsite-go/internal/core/setting/loader.go:36.55,40.4 1 0
appsite-go/internal/core/setting/loader.go:40.9,42.4 1 0
appsite-go/internal/core/setting/loader.go:45.2,45.29 1 0
appsite-go/internal/core/setting/loader.go:49.42,51.45 2 0
appsite-go/internal/core/setting/loader.go:51.45,53.3 1 0
appsite-go/internal/core/setting/loader.go:54.2,55.18 2 0
appsite-go/internal/core/setting/loader.go:59.48,60.45 1 0
appsite-go/internal/core/setting/loader.go:60.45,62.46 2 0
appsite-go/internal/core/setting/loader.go:62.46,64.23 2 0
appsite-go/internal/core/setting/loader.go:64.23,66.5 1 0
appsite-go/internal/core/setting/loader.go:69.2,69.20 1 0
